<?xml version="1.0" encoding="UTF-8"?>
<testng-results skipped="0" failed="0" total="1" passed="1">
  <reporter-output>
  </reporter-output>
  <suite name="Default suite" duration-ms="262262" started-at="2016-03-25T14:13:26Z" finished-at="2016-03-25T14:17:48Z">
    <groups>
    </groups>
    <test name="Default test" duration-ms="262262" started-at="2016-03-25T14:13:26Z" finished-at="2016-03-25T14:17:48Z">
      <class name="com.sap.solman.automationFramework.TestSuiteMainMethodClass">
        <test-method status="PASS" signature="main()[pri:0, instance:com.sap.solman.automationFramework.TestSuiteMainMethodClass@880ec60]" name="main" duration-ms="262244" started-at="2016-03-25T19:43:26Z" description="Test NG Report generation for Testing" finished-at="2016-03-25T19:47:48Z">
          <reporter-output>
          </reporter-output>
        </test-method> <!-- main -->
      </class> <!-- com.sap.solman.automationFramework.TestSuiteMainMethodClass -->
    </test> <!-- Default test -->
  </suite> <!-- Default suite -->
</testng-results>
